生成启动时间为 2020/2/13 16:57:12。
     1>项目“C:\Users\Administrator\Desktop\C++项目\第四天\第四天\DocFastSearchTool\DocFastSearchTool\DocFastSearchTool.vcxproj”在节点 2 上(Build 个目标)。
     1>ClCompile:
         E:\VS\VS安装地址\VC\bin\CL.exe /c /ZI /nologo /W3 /WX- /Od /Oy- /D WIN32 /D _DEBUG /D _CONSOLE /D _LIB /D _UNICODE /D UNICODE /Gm /EHsc /RTC1 /MDd /GS /fp:precise /Zc:wchar_t /Zc:forScope /Fo"Debug\\" /Fd"Debug\vc120.pdb" /Gd /TP /analyze- /errorReport:prompt DataManager.cpp DocFastSearchTool.cpp ScanManager.cpp Sysutil.cpp
         Sysutil.cpp
     1>c:\users\administrator\desktop\c++项目\第四天\第四天\docfastsearchtool\docfastsearchtool\sysutil.h(58): warning C4996: 'strerror': This function or variable may be unsafe. Consider using strerror_s instead. To disable deprecation, use _CRT_SECURE_NO_WARNINGS. See online help for details.
                 e:\vs\vs安装地址\vc\include\string.h(168) : 参见“strerror”的声明
     1>c:\users\administrator\desktop\c++项目\第四天\第四天\docfastsearchtool\docfastsearchtool\sysutil.cpp(47): warning C4996: 'sprintf': This function or variable may be unsafe. Consider using sprintf_s instead. To disable deprecation, use _CRT_SECURE_NO_WARNINGS. See online help for details.
                 e:\vs\vs安装地址\vc\include\stdio.h(356) : 参见“sprintf”的声明
     1>c:\users\administrator\desktop\c++项目\第四天\第四天\docfastsearchtool\docfastsearchtool\sysutil.cpp(52): warning C4996: 'sprintf': This function or variable may be unsafe. Consider using sprintf_s instead. To disable deprecation, use _CRT_SECURE_NO_WARNINGS. See online help for details.
                 e:\vs\vs安装地址\vc\include\stdio.h(356) : 参见“sprintf”的声明
         ScanManager.cpp
     1>c:\users\administrator\desktop\c++项目\第四天\第四天\docfastsearchtool\docfastsearchtool\sysutil.h(58): warning C4996: 'strerror': This function or variable may be unsafe. Consider using strerror_s instead. To disable deprecation, use _CRT_SECURE_NO_WARNINGS. See online help for details.
                 e:\vs\vs安装地址\vc\include\string.h(168) : 参见“strerror”的声明
         DocFastSearchTool.cpp
     1>c:\users\administrator\desktop\c++项目\第四天\第四天\docfastsearchtool\docfastsearchtool\sysutil.h(58): warning C4996: 'strerror': This function or variable may be unsafe. Consider using strerror_s instead. To disable deprecation, use _CRT_SECURE_NO_WARNINGS. See online help for details.
                 e:\vs\vs安装地址\vc\include\string.h(168) : 参见“strerror”的声明
         DataManager.cpp
     1>c:\users\administrator\desktop\c++项目\第四天\第四天\docfastsearchtool\docfastsearchtool\sysutil.h(58): warning C4996: 'strerror': This function or variable may be unsafe. Consider using strerror_s instead. To disable deprecation, use _CRT_SECURE_NO_WARNINGS. See online help for details.
                 e:\vs\vs安装地址\vc\include\string.h(168) : 参见“strerror”的声明
     1>c:\users\administrator\desktop\c++项目\第四天\第四天\docfastsearchtool\docfastsearchtool\datamanager.cpp(99): warning C4996: 'sprintf': This function or variable may be unsafe. Consider using sprintf_s instead. To disable deprecation, use _CRT_SECURE_NO_WARNINGS. See online help for details.
                 e:\vs\vs安装地址\vc\include\stdio.h(356) : 参见“sprintf”的声明
     1>c:\users\administrator\desktop\c++项目\第四天\第四天\docfastsearchtool\docfastsearchtool\datamanager.cpp(108): warning C4996: 'sprintf': This function or variable may be unsafe. Consider using sprintf_s instead. To disable deprecation, use _CRT_SECURE_NO_WARNINGS. See online help for details.
                 e:\vs\vs安装地址\vc\include\stdio.h(356) : 参见“sprintf”的声明
     1>c:\users\administrator\desktop\c++项目\第四天\第四天\docfastsearchtool\docfastsearchtool\datamanager.cpp(128): warning C4996: 'sprintf': This function or variable may be unsafe. Consider using sprintf_s instead. To disable deprecation, use _CRT_SECURE_NO_WARNINGS. See online help for details.
                 e:\vs\vs安装地址\vc\include\stdio.h(356) : 参见“sprintf”的声明
     1>c:\users\administrator\desktop\c++项目\第四天\第四天\docfastsearchtool\docfastsearchtool\datamanager.cpp(136): warning C4996: 'sprintf': This function or variable may be unsafe. Consider using sprintf_s instead. To disable deprecation, use _CRT_SECURE_NO_WARNINGS. See online help for details.
                 e:\vs\vs安装地址\vc\include\stdio.h(356) : 参见“sprintf”的声明
     1>c:\users\administrator\desktop\c++项目\第四天\第四天\docfastsearchtool\docfastsearchtool\datamanager.cpp(146): warning C4996: 'sprintf': This function or variable may be unsafe. Consider using sprintf_s instead. To disable deprecation, use _CRT_SECURE_NO_WARNINGS. See online help for details.
                 e:\vs\vs安装地址\vc\include\stdio.h(356) : 参见“sprintf”的声明
     1>c:\users\administrator\desktop\c++项目\第四天\第四天\docfastsearchtool\docfastsearchtool\datamanager.cpp(154): warning C4996: 'sprintf': This function or variable may be unsafe. Consider using sprintf_s instead. To disable deprecation, use _CRT_SECURE_NO_WARNINGS. See online help for details.
                 e:\vs\vs安装地址\vc\include\stdio.h(356) : 参见“sprintf”的声明
         正在生成代码...
       Link:
         E:\VS\VS安装地址\VC\bin\link.exe /ERRORREPORT:PROMPT /OUT:"C:\Users\Administrator\Desktop\C++项目\第四天\第四天\DocFastSearchTool\Debug\DocFastSearchTool.exe" /INCREMENTAL /NOLOGO kernel32.lib user32.lib gdi32.lib winspool.lib comdlg32.lib advapi32.lib shell32.lib ole32.lib oleaut32.lib uuid.lib odbc32.lib odbccp32.lib /MANIFEST /MANIFESTUAC:"level='asInvoker' uiAccess='false'" /manifest:embed /DEBUG /PDB:"C:\Users\Administrator\Desktop\C++项目\第四天\第四天\DocFastSearchTool\Debug\DocFastSearchTool.pdb" /SUBSYSTEM:CONSOLE /TLBID:1 /DYNAMICBASE /NXCOMPAT /IMPLIB:"C:\Users\Administrator\Desktop\C++项目\第四天\第四天\DocFastSearchTool\Debug\DocFastSearchTool.lib" /MACHINE:X86 Debug\DataManager.obj
         Debug\DocFastSearchTool.obj
         Debug\ScanManager.obj
         Debug\Sysutil.obj
     1>sqlite3.lib(sqlite3.obj) : warning LNK4099: 未找到 PDB“vc120.pdb”(使用“sqlite3.lib(sqlite3.obj)”或在“C:\Users\Administrator\Desktop\C++项目\第四天\第四天\DocFastSearchTool\Debug\vc120.pdb”中寻找)；正在链接对象，如同没有调试信息一样
         DocFastSearchTool.vcxproj -> C:\Users\Administrator\Desktop\C++项目\第四天\第四天\DocFastSearchTool\Debug\DocFastSearchTool.exe
     1>已完成生成项目“C:\Users\Administrator\Desktop\C++项目\第四天\第四天\DocFastSearchTool\DocFastSearchTool\DocFastSearchTool.vcxproj”(Build 个目标)的操作。

生成成功。

已用时间 00:00:11.81
